<?xml version="1.0" encoding="UTF-8"?>
<!-- Generated by org.testng.reporters.JUnitXMLReporter -->
<testsuite hostname="CHDSEZ148211L" ignored="0" name="Default test" tests="5" failures="0" timestamp="22 May 2018 09:30:10 GMT" time="184.448" errors="0">
  <testcase name="validateLogin" time="16.889" classname="TestNGPackage.TestAutomationNGFile"/>
  <testcase name="searchHotel" time="42.63" classname="TestNGPackage.TestAutomationNGFile"/>
  <testcase name="selectHotel" time="32.734" classname="TestNGPackage.TestAutomationNGFile"/>
  <testcase name="bookingConfirmation" time="14.401" classname="TestNGPackage.TestAutomationNGFile"/>
  <testcase name="logout" time="41.287" classname="TestNGPackage.TestAutomationNGFile"/>
</testsuite> <!-- Default test -->
