<?xml version="1.0" encoding="UTF-8"?>
<testng-results skipped="0" failed="0" ignored="0" total="5" passed="5">
  <reporter-output>
  </reporter-output>
  <suite name="Default suite" duration-ms="184448" started-at="2018-05-22T09:27:05Z" finished-at="2018-05-22T09:30:10Z">
    <groups>
    </groups>
    <test name="Default test" duration-ms="184448" started-at="2018-05-22T09:27:05Z" finished-at="2018-05-22T09:30:10Z">
      <class name="TestNGPackage.TestAutomationNGFile">
        <test-method status="PASS" signature="launchBrowser()[pri:0, instance:TestNGPackage.TestAutomationNGFile@58c1670b]" name="launchBrowser" is-config="true" duration-ms="34339" started-at="2018-05-22T09:27:05Z" finished-at="2018-05-22T09:27:39Z">
          <reporter-output>
          </reporter-output>
        </test-method> <!-- launchBrowser -->
        <test-method status="PASS" signature="validateLogin()[pri:0, instance:TestNGPackage.TestAutomationNGFile@58c1670b]" name="validateLogin" duration-ms="16889" started-at="2018-05-22T09:27:39Z" finished-at="2018-05-22T09:27:56Z">
          <reporter-output>
          </reporter-output>
        </test-method> <!-- validateLogin -->
        <test-method status="PASS" signature="searchHotel()[pri:1, instance:TestNGPackage.TestAutomationNGFile@58c1670b]" name="searchHotel" duration-ms="42630" started-at="2018-05-22T09:27:56Z" finished-at="2018-05-22T09:28:39Z">
          <reporter-output>
          </reporter-output>
        </test-method> <!-- searchHotel -->
        <test-method status="PASS" signature="selectHotel()[pri:2, instance:TestNGPackage.TestAutomationNGFile@58c1670b]" name="selectHotel" duration-ms="32734" started-at="2018-05-22T09:28:39Z" finished-at="2018-05-22T09:29:12Z">
          <reporter-output>
          </reporter-output>
        </test-method> <!-- selectHotel -->
        <test-method status="PASS" signature="bookingConfirmation()[pri:3, instance:TestNGPackage.TestAutomationNGFile@58c1670b]" name="bookingConfirmation" duration-ms="14401" started-at="2018-05-22T09:29:12Z" finished-at="2018-05-22T09:29:26Z">
          <reporter-output>
          </reporter-output>
        </test-method> <!-- bookingConfirmation -->
        <test-method status="PASS" signature="logout()[pri:4, instance:TestNGPackage.TestAutomationNGFile@58c1670b]" name="logout" duration-ms="41287" started-at="2018-05-22T09:29:26Z" finished-at="2018-05-22T09:30:07Z">
          <reporter-output>
          </reporter-output>
        </test-method> <!-- logout -->
        <test-method status="PASS" signature="terminateBrowser()[pri:0, instance:TestNGPackage.TestAutomationNGFile@58c1670b]" name="terminateBrowser" is-config="true" duration-ms="2111" started-at="2018-05-22T09:30:07Z" finished-at="2018-05-22T09:30:10Z">
          <reporter-output>
          </reporter-output>
        </test-method> <!-- terminateBrowser -->
      </class> <!-- TestNGPackage.TestAutomationNGFile -->
    </test> <!-- Default test -->
  </suite> <!-- Default suite -->
</testng-results>
